{
  "RSpec": {
    "coverage": {
      "/Users/ezenwaogbonna/Desktop/shop_tight/shop_tight/app/channels/application_cable/channel.rb": [
        null,
        null,
        1,
        1,
        null,
        null
      ],
      "/Users/ezenwaogbonna/Desktop/shop_tight/shop_tight/app/channels/application_cable/connection.rb": [
        null,
        null,
        1,
        1,
        null,
        null
      ],
      "/Users/ezenwaogbonna/Desktop/shop_tight/shop_tight/app/controllers/application_controller.rb": [
        null,
        null,
        1,
        1,
        null
      ],
      "/Users/ezenwaogbonna/Desktop/shop_tight/shop_tight/app/controllers/concerns/exception_handler.rb": [
        null,
        null,
        1,
        1,
        null,
        1,
        null,
        null,
        1,
        null,
        1,
        null,
        null,
        1,
        null,
        null,
        1,
        null,
        null,
        1,
        1,
        0,
        null,
        0,
        null,
        null,
        1,
        0,
        null,
        null,
        1,
        1,
        null,
        null,
        1,
        0,
        null,
        1,
        0,
        null,
        null,
        0,
        null,
        null,
        1,
        1,
        null,
        null,
        1,
        0,
        null,
        1,
        0,
        null,
        null,
        1,
        0,
        null,
        null,
        null
      ],
      "/Users/ezenwaogbonna/Desktop/shop_tight/shop_tight/app/controllers/graphql_controller.rb": [
        null,
        null,
        1,
        1,
        4,
        4,
        4,
        null,
        null,
        4,
        null,
        null,
        null,
        4,
        2,
        null,
        null,
        1,
        null,
        1,
        4,
        null,
        0,
        0,
        null,
        null,
        null,
        1,
        4,
        null,
        0,
        0,
        null,
        0,
        null,
        null,
        4,
        null,
        0,
        null,
        0,
        null,
        null,
        null,
        1,
        0,
        0,
        null,
        0,
        null,
        null
      ],
      "/Users/ezenwaogbonna/Desktop/shop_tight/shop_tight/app/graphql/attributes/order_detail_attributes.rb": [
        null,
        null,
        1,
        1,
        1,
        1,
        1,
        1,
        1,
        1,
        null,
        null
      ],
      "/Users/ezenwaogbonna/Desktop/shop_tight/shop_tight/app/graphql/types/base_input_object.rb": [
        null,
        null,
        1,
        1,
        null,
        null
      ],
      "/Users/ezenwaogbonna/Desktop/shop_tight/shop_tight/app/graphql/attributes/payment_attributes.rb": [
        null,
        null,
        1,
        1,
        1,
        1,
        1,
        null,
        null
      ],
      "/Users/ezenwaogbonna/Desktop/shop_tight/shop_tight/app/graphql/attributes/product_attributes.rb": [
        null,
        null,
        1,
        1,
        1,
        1,
        1,
        1,
        1,
        1,
        1,
        1,
        null,
        null,
        1,
        1,
        1,
        1,
        1,
        1,
        1,
        1,
        null,
        null
      ],
      "/Users/ezenwaogbonna/Desktop/shop_tight/shop_tight/app/graphql/types/product_size_options.rb": [
        null,
        null,
        1,
        1,
        1,
        null,
        1,
        null,
        1,
        null,
        null,
        null
      ],
      "/Users/ezenwaogbonna/Desktop/shop_tight/shop_tight/app/graphql/types/base_enum.rb": [
        null,
        null,
        1,
        1,
        null,
        null
      ],
      "/Users/ezenwaogbonna/Desktop/shop_tight/shop_tight/app/graphql/attributes/user_attributes.rb": [
        null,
        null,
        1,
        1,
        1,
        2,
        2,
        2,
        2,
        2,
        2,
        2,
        2,
        2,
        2,
        2,
        null,
        null,
        null
      ],
      "/Users/ezenwaogbonna/Desktop/shop_tight/shop_tight/app/graphql/helpers/authorize.rb": [
        null,
        null,
        1,
        1,
        0,
        0,
        null,
        null,
        null,
        1,
        0,
        0,
        null,
        null,
        null
      ],
      "/Users/ezenwaogbonna/Desktop/shop_tight/shop_tight/app/graphql/mutations/add_product_to_cart.rb": [
        null,
        null,
        1,
        1,
        1,
        1,
        null,
        1,
        0,
        0,
        0,
        null,
        0,
        null,
        null,
        0,
        0,
        0,
        null,
        null,
        0,
        null,
        0,
        0,
        null,
        null,
        null
      ],
      "/Users/ezenwaogbonna/Desktop/shop_tight/shop_tight/app/graphql/mutations/base_mutation.rb": [
        null,
        null,
        1,
        1,
        1,
        1,
        null,
        1,
        0,
        null,
        null,
        null,
        1,
        0,
        0,
        0,
        null,
        null,
        null,
        1,
        0,
        0,
        0,
        0,
        null,
        0,
        0,
        null,
        0,
        null,
        null,
        null,
        null,
        0,
        0,
        0,
        null,
        0,
        0,
        null,
        null,
        null
      ],
      "/Users/ezenwaogbonna/Desktop/shop_tight/shop_tight/app/graphql/types/cart_type.rb": [
        null,
        null,
        1,
        1,
        1,
        1,
        null,
        null
      ],
      "/Users/ezenwaogbonna/Desktop/shop_tight/shop_tight/app/graphql/types/base_object.rb": [
        null,
        null,
        1,
        1,
        null,
        null
      ],
      "/Users/ezenwaogbonna/Desktop/shop_tight/shop_tight/app/graphql/types/product_detail_type.rb": [
        null,
        null,
        1,
        1,
        1,
        1,
        1,
        1,
        1,
        1,
        1,
        1,
        1,
        1,
        1,
        1,
        null,
        null
      ],
      "/Users/ezenwaogbonna/Desktop/shop_tight/shop_tight/app/graphql/types/product_type.rb": [
        null,
        null,
        1,
        1,
        1,
        1,
        1,
        1,
        1,
        1,
        1,
        1,
        1,
        1,
        1,
        1,
        1,
        null,
        null
      ],
      "/Users/ezenwaogbonna/Desktop/shop_tight/shop_tight/app/graphql/types/category_type.rb": [
        null,
        null,
        1,
        1,
        1,
        1,
        1,
        1,
        1,
        1,
        1,
        null,
        null
      ],
      "/Users/ezenwaogbonna/Desktop/shop_tight/shop_tight/app/graphql/mutations/cancel_order.rb": [
        null,
        null,
        1,
        1,
        1,
        1,
        1,
        null,
        1,
        0,
        0,
        null,
        0,
        0,
        null,
        null,
        0,
        0,
        0,
        0,
        0,
        0,
        null,
        null,
        null
      ],
      "/Users/ezenwaogbonna/Desktop/shop_tight/shop_tight/app/graphql/types/order_detail_type.rb": [
        null,
        null,
        1,
        1,
        1,
        1,
        1,
        1,
        1,
        1,
        1,
        1,
        1,
        null,
        null
      ],
      "/Users/ezenwaogbonna/Desktop/shop_tight/shop_tight/app/graphql/types/delivery_status.rb": [
        null,
        null,
        1,
        1,
        1,
        1,
        1,
        1,
        null,
        null
      ],
      "/Users/ezenwaogbonna/Desktop/shop_tight/shop_tight/app/graphql/types/order_type.rb": [
        null,
        null,
        1,
        1,
        1,
        1,
        1,
        1,
        1,
        1,
        1,
        1,
        null,
        null
      ],
      "/Users/ezenwaogbonna/Desktop/shop_tight/shop_tight/app/graphql/types/payment_type.rb": [
        null,
        null,
        1,
        1,
        1,
        1,
        1,
        1,
        1,
        1,
        null,
        null
      ],
      "/Users/ezenwaogbonna/Desktop/shop_tight/shop_tight/app/graphql/mutations/clear_cart.rb": [
        null,
        null,
        1,
        1,
        1,
        null,
        1,
        0,
        null,
        0,
        0,
        0,
        null,
        null,
        null
      ],
      "/Users/ezenwaogbonna/Desktop/shop_tight/shop_tight/app/graphql/mutations/create_category.rb": [
        null,
        null,
        1,
        1,
        1,
        1,
        null,
        1,
        null,
        1,
        0,
        0,
        0,
        null,
        null,
        null
      ],
      "/Users/ezenwaogbonna/Desktop/shop_tight/shop_tight/app/graphql/mutations/create_order_without_payment.rb": [
        null,
        null,
        1,
        1,
        1,
        1,
        null,
        1,
        0,
        0,
        0,
        null,
        null,
        null
      ],
      "/Users/ezenwaogbonna/Desktop/shop_tight/shop_tight/app/graphql/mutations/create_payment_option.rb": [
        null,
        null,
        1,
        1,
        1,
        1,
        null,
        1,
        0,
        0,
        null,
        null,
        null
      ],
      "/Users/ezenwaogbonna/Desktop/shop_tight/shop_tight/app/graphql/mutations/create_product.rb": [
        null,
        null,
        1,
        1,
        1,
        1,
        1,
        1,
        null,
        1,
        0,
        0,
        0,
        0,
        null,
        0,
        null,
        null,
        null,
        0,
        0,
        null,
        null,
        null
      ],
      "/Users/ezenwaogbonna/Desktop/shop_tight/shop_tight/app/graphql/mutations/create_product_detail.rb": [
        null,
        null,
        1,
        1,
        1,
        1,
        null,
        1,
        1,
        1,
        1,
        1,
        1,
        null,
        1,
        0,
        0,
        0,
        null,
        0,
        null,
        null,
        null,
        0,
        null,
        null,
        null,
        null,
        null,
        null
      ],
      "/Users/ezenwaogbonna/Desktop/shop_tight/shop_tight/app/graphql/mutations/create_user.rb": [
        null,
        null,
        1,
        1,
        1,
        null,
        null,
        1,
        1,
        null,
        1,
        2,
        1,
        1,
        null,
        null,
        null
      ],
      "/Users/ezenwaogbonna/Desktop/shop_tight/shop_tight/app/graphql/types/user_type.rb": [
        null,
        null,
        1,
        1,
        1,
        1,
        1,
        1,
        1,
        1,
        1,
        1,
        1,
        1,
        1,
        1,
        null,
        null
      ],
      "/Users/ezenwaogbonna/Desktop/shop_tight/shop_tight/app/graphql/mutations/initiate_card_payment.rb": [
        null,
        null,
        1,
        1,
        1,
        null,
        1,
        null,
        1,
        null,
        1,
        null,
        1,
        null,
        1,
        null,
        1,
        0,
        0,
        0,
        0,
        0,
        0,
        null,
        null,
        null,
        null,
        null,
        null,
        0,
        0,
        0,
        0,
        null,
        0,
        0,
        null,
        null,
        1,
        null,
        1,
        0,
        0,
        0,
        0,
        null,
        null,
        null,
        null,
        null,
        null,
        null,
        null,
        null,
        null,
        null
      ],
      "/Users/ezenwaogbonna/Desktop/shop_tight/shop_tight/app/graphql/types/initiate_charge_response_type.rb": [
        null,
        null,
        1,
        1,
        1,
        1,
        1,
        1,
        1,
        1,
        1,
        1,
        1,
        null,
        null
      ],
      "/Users/ezenwaogbonna/Desktop/shop_tight/shop_tight/app/graphql/mutations/remove_product_from_cart.rb": [
        null,
        null,
        1,
        1,
        1,
        1,
        1,
        1,
        null,
        1,
        0,
        0,
        0,
        0,
        null,
        0,
        null,
        null,
        null,
        0,
        0,
        null,
        0,
        null,
        null,
        null,
        null,
        null
      ],
      "/Users/ezenwaogbonna/Desktop/shop_tight/shop_tight/app/graphql/mutations/sign_in_user.rb": [
        null,
        null,
        1,
        1,
        1,
        1,
        null,
        1,
        1,
        null,
        1,
        2,
        2,
        1,
        null,
        null,
        1,
        null,
        1,
        null,
        null,
        null,
        null,
        null
      ],
      "/Users/ezenwaogbonna/Desktop/shop_tight/shop_tight/app/graphql/mutations/update_order.rb": [
        null,
        null,
        1,
        1,
        1,
        1,
        1,
        null,
        1,
        0,
        0,
        0,
        0,
        null,
        0,
        null,
        null,
        null
      ],
      "/Users/ezenwaogbonna/Desktop/shop_tight/shop_tight/app/graphql/mutations/update_order_details.rb": [
        null,
        null,
        1,
        1,
        1,
        1,
        null,
        1,
        0,
        0,
        0,
        0,
        0,
        0,
        null,
        null,
        null
      ],
      "/Users/ezenwaogbonna/Desktop/shop_tight/shop_tight/app/graphql/mutations/update_user.rb": [
        null,
        null,
        1,
        1,
        1,
        null,
        null,
        null,
        1,
        null,
        1,
        0,
        0,
        0,
        null,
        null,
        null
      ],
      "/Users/ezenwaogbonna/Desktop/shop_tight/shop_tight/app/graphql/mutations/validate_payment_and_create_order.rb": [
        null,
        null,
        1,
        1,
        1,
        1,
        1,
        1,
        null,
        1,
        0,
        0,
        0,
        0,
        null,
        0,
        0,
        0,
        null,
        0,
        0,
        0,
        null,
        null,
        null
      ],
      "/Users/ezenwaogbonna/Desktop/shop_tight/shop_tight/app/graphql/types/transaction_completed_response_type.rb": [
        null,
        null,
        1,
        1,
        1,
        1,
        1,
        null,
        null
      ],
      "/Users/ezenwaogbonna/Desktop/shop_tight/shop_tight/app/graphql/types/transaction_completed_data_type.rb": [
        null,
        null,
        1,
        1,
        1,
        1,
        1,
        1,
        1,
        1,
        1,
        1,
        1,
        1,
        1,
        1,
        1,
        1,
        1,
        1,
        1,
        1,
        1,
        1,
        1,
        1,
        1,
        1,
        1,
        1,
        null,
        null
      ],
      "/Users/ezenwaogbonna/Desktop/shop_tight/shop_tight/app/graphql/types/card_type.rb": [
        null,
        null,
        1,
        1,
        1,
        1,
        1,
        1,
        1,
        1,
        1,
        1,
        1,
        null,
        null
      ],
      "/Users/ezenwaogbonna/Desktop/shop_tight/shop_tight/app/graphql/types/card_tokens_type.rb": [
        null,
        null,
        1,
        1,
        1,
        1,
        1,
        null,
        null
      ],
      "/Users/ezenwaogbonna/Desktop/shop_tight/shop_tight/app/graphql/shop_tight_schema.rb": [
        null,
        null,
        1,
        1,
        1,
        null
      ],
      "/Users/ezenwaogbonna/Desktop/shop_tight/shop_tight/app/graphql/types/mutation_type.rb": [
        null,
        null,
        1,
        1,
        null,
        1,
        1,
        1,
        1,
        1,
        1,
        1,
        1,
        1,
        1,
        1,
        1,
        1,
        1,
        null,
        null
      ],
      "/Users/ezenwaogbonna/Desktop/shop_tight/shop_tight/app/graphql/types/query_type.rb": [
        null,
        null,
        1,
        1,
        1,
        null,
        null,
        null,
        1,
        1,
        null,
        null,
        1,
        null,
        1,
        1,
        null,
        null,
        1,
        1,
        1,
        1,
        null,
        null,
        1,
        null,
        1,
        null,
        1,
        1,
        null,
        null,
        1,
        1,
        null,
        null,
        1,
        null,
        1,
        1,
        null,
        1,
        1,
        1,
        null,
        null,
        1,
        null,
        1,
        1,
        1,
        null,
        null,
        1,
        0,
        null,
        0,
        null,
        null,
        1,
        0,
        null,
        null,
        1,
        0,
        null,
        null,
        1,
        0,
        null,
        null,
        1,
        0,
        null,
        null,
        1,
        0,
        0,
        0,
        0,
        null,
        0,
        null,
        null,
        1,
        0,
        null,
        null,
        1,
        0,
        null,
        null,
        1,
        0,
        null,
        null,
        1,
        0,
        0,
        0,
        0,
        null,
        null,
        null,
        1,
        0,
        null,
        null,
        1,
        0,
        null,
        null,
        1,
        0,
        null,
        null,
        null
      ],
      "/Users/ezenwaogbonna/Desktop/shop_tight/shop_tight/app/graphql/types/base_field.rb": [
        null,
        null,
        1,
        1,
        1,
        0,
        null,
        null,
        null
      ],
      "/Users/ezenwaogbonna/Desktop/shop_tight/shop_tight/app/graphql/types/base_interface.rb": [
        null,
        null,
        1,
        1,
        1,
        null,
        null
      ],
      "/Users/ezenwaogbonna/Desktop/shop_tight/shop_tight/app/graphql/types/base_scalar.rb": [
        null,
        null,
        1,
        1,
        null,
        null
      ],
      "/Users/ezenwaogbonna/Desktop/shop_tight/shop_tight/app/graphql/types/base_union.rb": [
        null,
        null,
        1,
        1,
        null,
        null
      ],
      "/Users/ezenwaogbonna/Desktop/shop_tight/shop_tight/app/jobs/application_job.rb": [
        null,
        null,
        1,
        null
      ],
      "/Users/ezenwaogbonna/Desktop/shop_tight/shop_tight/app/lib/json_web_token.rb": [
        null,
        null,
        1,
        1,
        null,
        1,
        2,
        2,
        null,
        null,
        1,
        0,
        0,
        null,
        0,
        null,
        null
      ],
      "/Users/ezenwaogbonna/Desktop/shop_tight/shop_tight/app/mailers/application_mailer.rb": [
        null,
        null,
        1,
        1,
        1,
        null
      ],
      "/Users/ezenwaogbonna/Desktop/shop_tight/shop_tight/app/models/application_record.rb": [
        null,
        null,
        1,
        1,
        null
      ],
      "/Users/ezenwaogbonna/Desktop/shop_tight/shop_tight/app/models/cart.rb": [
        null,
        null,
        1,
        1,
        1,
        null,
        1,
        0,
        null,
        0,
        null,
        null,
        1,
        0,
        null,
        0,
        null,
        null,
        1,
        0,
        0,
        null,
        null,
        null,
        null
      ],
      "/Users/ezenwaogbonna/Desktop/shop_tight/shop_tight/app/models/category.rb": [
        null,
        null,
        1,
        1,
        1,
        null
      ],
      "/Users/ezenwaogbonna/Desktop/shop_tight/shop_tight/app/models/order.rb": [
        null,
        null,
        1,
        1,
        1,
        1,
        null
      ],
      "/Users/ezenwaogbonna/Desktop/shop_tight/shop_tight/app/models/order_detail.rb": [
        null,
        null,
        1,
        1,
        1,
        1,
        null,
        1,
        null,
        1,
        0,
        null,
        null
      ],
      "/Users/ezenwaogbonna/Desktop/shop_tight/shop_tight/app/models/payment.rb": [
        null,
        null,
        1,
        1,
        null
      ],
      "/Users/ezenwaogbonna/Desktop/shop_tight/shop_tight/app/models/product.rb": [
        null,
        null,
        1,
        1,
        1,
        1,
        1,
        null,
        1,
        null,
        1,
        0,
        null,
        0,
        null,
        0,
        null,
        0,
        null,
        null,
        null
      ],
      "/Users/ezenwaogbonna/Desktop/shop_tight/shop_tight/app/models/product_detail.rb": [
        null,
        null,
        1,
        null,
        1,
        1,
        1,
        1,
        1,
        1,
        1,
        null,
        1,
        0,
        null,
        null,
        1,
        0,
        0,
        null,
        null
      ],
      "/Users/ezenwaogbonna/Desktop/shop_tight/shop_tight/app/models/recently_viewed_product.rb": [
        null,
        null,
        1,
        1,
        1,
        null
      ],
      "/Users/ezenwaogbonna/Desktop/shop_tight/shop_tight/app/models/user.rb": [
        null,
        null,
        1,
        1,
        1,
        1,
        1,
        1,
        14,
        10,
        null,
        null,
        1,
        null,
        null,
        1,
        null,
        null,
        1,
        null,
        null,
        null,
        null,
        null
      ],
      "/Users/ezenwaogbonna/Desktop/shop_tight/shop_tight/app/uploaders/image_uploader.rb": [
        null,
        null,
        1,
        null,
        null,
        null,
        null,
        null,
        null,
        null,
        null,
        null,
        null,
        null,
        null,
        null,
        null,
        null,
        null,
        null,
        null,
        1,
        0,
        0,
        0,
        null,
        0,
        null,
        null,
        0,
        0,
        0,
        null,
        null,
        0,
        0,
        0,
        null,
        null,
        null,
        1,
        1,
        0,
        null,
        null,
        null,
        null,
        null,
        null,
        null,
        null,
        null,
        null,
        null,
        null,
        null,
        null,
        null,
        null,
        null,
        null,
        null,
        null,
        null,
        null,
        null,
        null,
        null,
        null,
        null
      ]
    },
    "timestamp": 1565149258
  }
}
